2025-07-04 16:55:05,697 - EnhancedSOLMomentumBot - INFO -    Symbol: SOLPHP
2025-07-04 16:55:05,698 - EnhancedSOLMomentumBot - INFO -    Buy threshold: 1.8%
2025-07-04 16:55:05,698 - EnhancedSOLMomentumBot - INFO -    Sell threshold: 2.2%
2025-07-04 16:55:05,700 - EnhancedSOLMomentumBot - INFO -    Min hold time: 4h
2025-07-04 16:55:05,700 - EnhancedSOLMomentumBot - INFO -    Trend window: 12h
2025-07-04 16:55:05,700 - EnhancedSOLMomentumBot - INFO -    Max trades/day: 2
2025-07-04 16:55:05,700 - EnhancedSOLMomentumBot - INFO -    Check interval: 15min
2025-07-04 16:57:38,134 - EnhancedSOLMomentumBot - INFO -    Symbol: SOLPHP
2025-07-04 16:57:38,135 - EnhancedSOLMomentumBot - INFO -    Buy threshold: 1.8%
2025-07-04 16:57:38,135 - EnhancedSOLMomentumBot - INFO -    Sell threshold: 2.2%
2025-07-04 16:57:38,137 - EnhancedSOLMomentumBot - INFO -    Min hold time: 4h
2025-07-04 16:57:38,137 - EnhancedSOLMomentumBot - INFO -    Trend window: 12h
2025-07-04 16:57:38,137 - EnhancedSOLMomentumBot - INFO -    Max trades/day: 2
2025-07-04 16:57:38,138 - EnhancedSOLMomentumBot - INFO -    Check interval: 15min
2025-07-04 16:58:47,284 - EnhancedSOLMomentumBot - INFO -    Symbol: SOLPHP
2025-07-04 16:58:47,284 - EnhancedSOLMomentumBot - INFO -    Buy threshold: 1.8%
2025-07-04 16:58:47,285 - EnhancedSOLMomentumBot - INFO -    Sell threshold: 2.2%
2025-07-04 16:58:47,287 - EnhancedSOLMomentumBot - INFO -    Min hold time: 4h
2025-07-04 16:58:47,287 - EnhancedSOLMomentumBot - INFO -    Trend window: 12h
2025-07-04 16:58:47,287 - EnhancedSOLMomentumBot - INFO -    Max trades/day: 2
2025-07-04 16:58:47,287 - EnhancedSOLMomentumBot - INFO -    Check interval: 15min
2025-07-04 17:02:23,679 - EnhancedSOLMomentumBot - INFO -    Enhanced SOL Momentum Bot initialized with config.yaml
2025-07-04 17:02:23,680 - EnhancedSOLMomentumBot - INFO -    Symbol: SOLPHP
2025-07-04 17:02:23,680 - EnhancedSOLMomentumBot - INFO -    Buy threshold: 1.8%
2025-07-04 17:02:23,680 - EnhancedSOLMomentumBot - INFO -    Sell threshold: 2.2%
2025-07-04 17:02:23,680 - EnhancedSOLMomentumBot - INFO -    Trade amount: 150
2025-07-04 17:02:23,680 - EnhancedSOLMomentumBot - INFO -    Min hold time: 4h
2025-07-04 17:02:23,680 - EnhancedSOLMomentumBot - INFO -    Trend window: 12h
2025-07-04 17:02:23,680 - EnhancedSOLMomentumBot - INFO -    Max trades/day: 2
2025-07-04 17:02:23,681 - EnhancedSOLMomentumBot - INFO -    Check interval: 15min
